<?xml version="1.0" encoding="UTF-8" ?>
<testsuite errors="1" failures="0" hostname="borrero-Satellite-L745" name="com.timeshots.blacklabel.socialnetwork.UserSpec" tests="1" time="4.686" timestamp="2014-08-08T03:14:02">
  <properties />
  <testcase classname="com.timeshots.blacklabel.socialnetwork.UserSpec" name="Test that email address should not be blank[0]" time="4.578">
    <error message="No such property: given for class: com.timeshots.blacklabel.socialnetwork.UserSpec" type="groovy.lang.MissingPropertyException">groovy.lang.MissingPropertyException: No such property: given for class: com.timeshots.blacklabel.socialnetwork.UserSpec
	at com.timeshots.blacklabel.socialnetwork.UserSpec.Test that email address should not be blank(UserSpec.groovy:28)
</error>
  </testcase>
  <system-out><![CDATA[--Output from Test that email address should not be blank[0]--
]]></system-out>
  <system-err><![CDATA[--Output from Test that email address should not be blank[0]--
]]></system-err>
</testsuite>
